<?xml version="1.0" encoding="UTF-8"?>
<testsuites>
  <testsuite name="" tests="9" assertions="36" errors="0" warnings="0" failures="0" skipped="0" time="18.062060">
    <testsuite name="OAuth client Test Suite" tests="9" assertions="36" errors="0" warnings="0" failures="0" skipped="0" time="18.062060">
      <testsuite name="Keboola\OAuthV2Api\Tests\CredentialsTest" file="D:\OneDrive\Work\oauth-v2-php-client\tests\CredentialsTest.php" tests="3" assertions="20" errors="0" warnings="0" failures="0" skipped="0" time="0.014195">
        <testcase name="testList" class="Keboola\OAuthV2Api\Tests\CredentialsTest" classname="Keboola.OAuthV2Api.Tests.CredentialsTest" file="D:\OneDrive\Work\oauth-v2-php-client\tests\CredentialsTest.php" line="17" assertions="6" time="0.012575"/>
        <testcase name="testDetailArray" class="Keboola\OAuthV2Api\Tests\CredentialsTest" classname="Keboola.OAuthV2Api.Tests.CredentialsTest" file="D:\OneDrive\Work\oauth-v2-php-client\tests\CredentialsTest.php" line="61" assertions="7" time="0.000421"/>
        <testcase name="testAdd" class="Keboola\OAuthV2Api\Tests\CredentialsTest" classname="Keboola.OAuthV2Api.Tests.CredentialsTest" file="D:\OneDrive\Work\oauth-v2-php-client\tests\CredentialsTest.php" line="111" assertions="7" time="0.001198"/>
      </testsuite>
      <testsuite name="Keboola\OAuthV2Api\Tests\ManagerTest" file="D:\OneDrive\Work\oauth-v2-php-client\tests\ManagerTest.php" tests="6" assertions="16" errors="0" warnings="0" failures="0" skipped="0" time="18.047866">
        <testcase name="testListComponents" class="Keboola\OAuthV2Api\Tests\ManagerTest" classname="Keboola.OAuthV2Api.Tests.ManagerTest" file="D:\OneDrive\Work\oauth-v2-php-client\tests\ManagerTest.php" line="18" assertions="4" time="0.000627"/>
        <testcase name="testUpdateComponent" class="Keboola\OAuthV2Api\Tests\ManagerTest" classname="Keboola.OAuthV2Api.Tests.ManagerTest" file="D:\OneDrive\Work\oauth-v2-php-client\tests\ManagerTest.php" line="63" assertions="3" time="0.000416"/>
        <testcase name="testCreateComponent" class="Keboola\OAuthV2Api\Tests\ManagerTest" classname="Keboola.OAuthV2Api.Tests.ManagerTest" file="D:\OneDrive\Work\oauth-v2-php-client\tests\ManagerTest.php" line="102" assertions="3" time="0.000372"/>
        <testcase name="testInvalidToken" class="Keboola\OAuthV2Api\Tests\ManagerTest" classname="Keboola.OAuthV2Api.Tests.ManagerTest" file="D:\OneDrive\Work\oauth-v2-php-client\tests\ManagerTest.php" line="147" assertions="4" time="0.003267"/>
        <testcase name="testRetry" class="Keboola\OAuthV2Api\Tests\ManagerTest" classname="Keboola.OAuthV2Api.Tests.ManagerTest" file="D:\OneDrive\Work\oauth-v2-php-client\tests\ManagerTest.php" line="190" assertions="1" time="15.021142"/>
        <testcase name="testRetryFail" class="Keboola\OAuthV2Api\Tests\ManagerTest" classname="Keboola.OAuthV2Api.Tests.ManagerTest" file="D:\OneDrive\Work\oauth-v2-php-client\tests\ManagerTest.php" line="233" assertions="1" time="3.022041"/>
      </testsuite>
    </testsuite>
  </testsuite>
</testsuites>
